<?xml version="1.0" encoding="UTF-8" ?>
<testsuite failures="0" time="0.021" errors="0" skipped="0" tests="1" name="shamebot.Map.AppTest">
  <properties>
    <property name="java.runtime.name" value="Java(TM) SE Runtime Environment"/>
    <property name="sun.boot.library.path" value="C:\Users\Janni\Downloads\eclipse\Java\jre\bin"/>
    <property name="java.vm.version" value="19.0-b09"/>
    <property name="java.vm.vendor" value="Sun Microsystems Inc."/>
    <property name="java.vendor.url" value="http://java.sun.com/"/>
    <property name="path.separator" value=";"/>
    <property name="java.vm.name" value="Java HotSpot(TM) Client VM"/>
    <property name="file.encoding.pkg" value="sun.io"/>
    <property name="user.country" value="DE"/>
    <property name="sun.java.launcher" value="SUN_STANDARD"/>
    <property name="sun.os.patch.level" value=""/>
    <property name="java.vm.specification.name" value="Java Virtual Machine Specification"/>
    <property name="user.dir" value="C:\Users\Janni\Downloads\minecraft\src\Map"/>
    <property name="java.runtime.version" value="1.6.0_23-b05"/>
    <property name="java.awt.graphicsenv" value="sun.awt.Win32GraphicsEnvironment"/>
    <property name="basedir" value="C:\Users\Janni\Downloads\minecraft\src\Map"/>
    <property name="java.endorsed.dirs" value="C:\Users\Janni\Downloads\eclipse\Java\jre\lib\endorsed"/>
    <property name="os.arch" value="x86"/>
    <property name="surefire.real.class.path" value="C:\Users\Janni\Downloads\minecraft\src\Map\target\surefire\surefirebooter459660609693848592.jar"/>
    <property name="java.io.tmpdir" value="C:\Users\Janni\AppData\Local\Temp\"/>
    <property name="line.separator" value="
"/>
    <property name="java.vm.specification.vendor" value="Sun Microsystems Inc."/>
    <property name="user.variant" value=""/>
    <property name="os.name" value="Windows 7"/>
    <property name="sun.jnu.encoding" value="Cp1252"/>
    <property name="java.library.path" value="C:\Users\Janni\Downloads\eclipse\Java\jre\bin;.;C:\Windows\Sun\Java\bin;C:\Windows\system32;C:\Windows;C:\Users\Janni\Downloads\eclipse\Java;C:\Program Files\apache-maven-3.0.2\bin;C:\Windows\System32"/>
    <property name="surefire.test.class.path" value="C:\Users\Janni\Downloads\minecraft\src\Map\target\test-classes;C:\Users\Janni\Downloads\minecraft\src\Map\target\classes;C:\Users\Janni\.m2\repository\junit\junit\3.8.1\junit-3.8.1.jar;C:\Users\Janni\.m2\repository\org\bukkit\bukkit\0.0.1-SNAPSHOT\bukkit-0.0.1-SNAPSHOT.jar;C:\Users\Janni\.m2\repository\org\bukkit\minecraft-server\1.6.4\minecraft-server-1.6.4.jar;C:\Users\Janni\.m2\repository\org\bukkit\craftbukkit\0.0.1-SNAPSHOT\craftbukkit-0.0.1-SNAPSHOT.jar;"/>
    <property name="java.specification.name" value="Java Platform API Specification"/>
    <property name="java.class.version" value="50.0"/>
    <property name="sun.management.compiler" value="HotSpot Client Compiler"/>
    <property name="os.version" value="6.1"/>
    <property name="user.home" value="C:\Users\Janni"/>
    <property name="user.timezone" value=""/>
    <property name="java.awt.printerjob" value="sun.awt.windows.WPrinterJob"/>
    <property name="java.specification.version" value="1.6"/>
    <property name="file.encoding" value="Cp1252"/>
    <property name="user.name" value="Janni"/>
    <property name="java.class.path" value="C:\Users\Janni\Downloads\minecraft\src\Map\target\test-classes;C:\Users\Janni\Downloads\minecraft\src\Map\target\classes;C:\Users\Janni\.m2\repository\junit\junit\3.8.1\junit-3.8.1.jar;C:\Users\Janni\.m2\repository\org\bukkit\bukkit\0.0.1-SNAPSHOT\bukkit-0.0.1-SNAPSHOT.jar;C:\Users\Janni\.m2\repository\org\bukkit\minecraft-server\1.6.4\minecraft-server-1.6.4.jar;C:\Users\Janni\.m2\repository\org\bukkit\craftbukkit\0.0.1-SNAPSHOT\craftbukkit-0.0.1-SNAPSHOT.jar;"/>
    <property name="java.vm.specification.version" value="1.0"/>
    <property name="sun.arch.data.model" value="32"/>
    <property name="java.home" value="C:\Users\Janni\Downloads\eclipse\Java\jre"/>
    <property name="java.specification.vendor" value="Sun Microsystems Inc."/>
    <property name="user.language" value="de"/>
    <property name="awt.toolkit" value="sun.awt.windows.WToolkit"/>
    <property name="java.vm.info" value="mixed mode, sharing"/>
    <property name="java.version" value="1.6.0_23"/>
    <property name="java.ext.dirs" value="C:\Users\Janni\Downloads\eclipse\Java\jre\lib\ext;C:\Windows\Sun\Java\lib\ext"/>
    <property name="sun.boot.class.path" value="C:\Users\Janni\Downloads\eclipse\Java\jre\lib\resources.jar;C:\Users\Janni\Downloads\eclipse\Java\jre\lib\rt.jar;C:\Users\Janni\Downloads\eclipse\Java\jre\lib\sunrsasign.jar;C:\Users\Janni\Downloads\eclipse\Java\jre\lib\jsse.jar;C:\Users\Janni\Downloads\eclipse\Java\jre\lib\jce.jar;C:\Users\Janni\Downloads\eclipse\Java\jre\lib\charsets.jar;C:\Users\Janni\Downloads\eclipse\Java\jre\lib\modules\jdk.boot.jar;C:\Users\Janni\Downloads\eclipse\Java\jre\classes"/>
    <property name="java.vendor" value="Sun Microsystems Inc."/>
    <property name="localRepository" value="C:\Users\Janni\.m2\repository"/>
    <property name="file.separator" value="\"/>
    <property name="java.vendor.url.bug" value="http://java.sun.com/cgi-bin/bugreport.cgi"/>
    <property name="sun.cpu.endian" value="little"/>
    <property name="sun.io.unicode.encoding" value="UnicodeLittle"/>
    <property name="sun.desktop" value="windows"/>
    <property name="sun.cpu.isalist" value="pentium_pro+mmx pentium_pro pentium+mmx pentium i486 i386 i86"/>
  </properties>
  <testcase time="0.002" classname="shamebot.Map.AppTest" name="testApp"/>
</testsuite>